0 info it worked if it ends with ok
1 verbose cli [
1 verbose cli   '/home/agira/.nvm/versions/node/v14.19.3/bin/node',
1 verbose cli   '/home/agira/.nvm/versions/node/v14.19.3/bin/npm',
1 verbose cli   'install',
1 verbose cli   '-g',
1 verbose cli   'npm@latest'
1 verbose cli ]
2 info using npm@3.10.10
3 info using node@v14.19.3
4 silly loadCurrentTree Starting
5 silly install loadCurrentTree
6 silly install readGlobalPackageData
7 silly fetchPackageMetaData npm@latest
8 silly fetchNamedPackageData npm
9 silly mapToRegistry name npm
10 silly mapToRegistry using default registry
11 silly mapToRegistry registry https://registry.npmjs.org/
12 silly mapToRegistry data Result {
12 silly mapToRegistry   raw: 'npm',
12 silly mapToRegistry   scope: null,
12 silly mapToRegistry   escapedName: 'npm',
12 silly mapToRegistry   name: 'npm',
12 silly mapToRegistry   rawSpec: '',
12 silly mapToRegistry   spec: 'latest',
12 silly mapToRegistry   type: 'tag'
12 silly mapToRegistry }
13 silly mapToRegistry uri https://registry.npmjs.org/npm
14 verbose request uri https://registry.npmjs.org/npm
15 verbose request no auth needed
16 info attempt registry request try #1 at 4:48:49 pm
17 verbose request id 27ab8cd02f1c3f3b
18 http request GET https://registry.npmjs.org/npm
19 http 200 https://registry.npmjs.org/npm
20 verbose headers {
20 verbose headers   date: 'Fri, 16 Sep 2022 11:18:50 GMT',
20 verbose headers   'content-type': 'application/json',
20 verbose headers   'transfer-encoding': 'chunked',
20 verbose headers   connection: 'keep-alive',
20 verbose headers   'cf-ray': '74b934211b389380-MAA',
20 verbose headers   'access-control-allow-origin': '*',
20 verbose headers   'cache-control': 'public, max-age=300',
20 verbose headers   etag: 'W/"121a7dd86246e5521c166919586b2aa7"',
20 verbose headers   'last-modified': 'Wed, 14 Sep 2022 23:47:26 GMT',
20 verbose headers   vary: 'accept-encoding, accept',
20 verbose headers   'cf-cache-status': 'REVALIDATED',
20 verbose headers   'x-amz-replication-status': 'COMPLETED',
20 verbose headers   server: 'cloudflare',
20 verbose headers   'content-encoding': 'gzip'
20 verbose headers }
21 silly get cb [
21 silly get   200,
21 silly get   {
21 silly get     date: 'Fri, 16 Sep 2022 11:18:50 GMT',
21 silly get     'content-type': 'application/json',
21 silly get     'transfer-encoding': 'chunked',
21 silly get     connection: 'keep-alive',
21 silly get     'cf-ray': '74b934211b389380-MAA',
21 silly get     'access-control-allow-origin': '*',
21 silly get     'cache-control': 'public, max-age=300',
21 silly get     etag: 'W/"121a7dd86246e5521c166919586b2aa7"',
21 silly get     'last-modified': 'Wed, 14 Sep 2022 23:47:26 GMT',
21 silly get     vary: 'accept-encoding, accept',
21 silly get     'cf-cache-status': 'REVALIDATED',
21 silly get     'x-amz-replication-status': 'COMPLETED',
21 silly get     server: 'cloudflare',
21 silly get     'content-encoding': 'gzip'
21 silly get   }
21 silly get ]
22 verbose get saving npm to /home/agira/.npm/registry.npmjs.org/npm/.cache.json
23 verbose correctMkdir /home/agira/.npm correctMkdir not in flight; initializing
24 verbose stack TypeError: cb.apply is not a function
24 verbose stack     at /home/agira/.nvm/versions/node/v14.19.3/lib/node_modules/npm/node_modules/graceful-fs/polyfills.js:267:18
24 verbose stack     at FSReqCallback.oncomplete (fs.js:193:5)
25 verbose cwd /home/agira/Documents/Agira/Freshworks/Requirements/Freshsales/#INC-10351/Working/express-netlify
26 error Linux 5.14.0-1051-oem
27 error argv "/home/agira/.nvm/versions/node/v14.19.3/bin/node" "/home/agira/.nvm/versions/node/v14.19.3/bin/npm" "install" "-g" "npm@latest"
28 error node v14.19.3
29 error npm  v3.10.10
30 error cb.apply is not a function
31 error If you need help, you may report this error at:
31 error     <https://github.com/npm/npm/issues>
32 verbose exit [ 1, true ]
